Watching for file changes with StatReloader
System check identified some issues:

WARNINGS:
todos.Todo: (models.W042) Auto-created primary key used when not defining a primary key type, by default 'django.db.models.AutoField'.
	HINT: Configure the DEFAULT_AUTO_FIELD setting or the TodosConfig.default_auto_field attribute to point to a subclass of AutoField, e.g. 'django.db.models.BigAutoField'.

System check identified 1 issue (0 silenced).
[02/Jan/2024 15:07:13] "GET /todos/ HTTP/1.1" 200 3501
[02/Jan/2024 15:07:13] "GET /static/css/style.css HTTP/1.1" 304 0
Not Found: /favicon.ico
[02/Jan/2024 15:07:13] "GET /favicon.ico HTTP/1.1" 404 2574
Not Found: /favicon.ico
[02/Jan/2024 15:07:14] "GET /favicon.ico HTTP/1.1" 404 2574
[02/Jan/2024 15:07:25] "GET /todos/ HTTP/1.1" 200 3501
Not Found: /favicon.ico
[02/Jan/2024 15:07:25] "GET /favicon.ico HTTP/1.1" 404 2574
Not Found: /favicon.ico
[02/Jan/2024 15:07:26] "GET /favicon.ico HTTP/1.1" 404 2574
Watching for file changes with StatReloader
System check identified some issues:

WARNINGS:
todos.Todo: (models.W042) Auto-created primary key used when not defining a primary key type, by default 'django.db.models.AutoField'.
	HINT: Configure the DEFAULT_AUTO_FIELD setting or the TodosConfig.default_auto_field attribute to point to a subclass of AutoField, e.g. 'django.db.models.BigAutoField'.

System check identified 1 issue (0 silenced).
Error: That port is already in use.
[02/Jan/2024 15:09:29] "GET /todos/ HTTP/1.1" 200 3501
[02/Jan/2024 15:09:29] "GET /static/css/style.css HTTP/1.1" 304 0
Not Found: /favicon.ico
[02/Jan/2024 15:09:30] "GET /favicon.ico HTTP/1.1" 404 2574
Not Found: /favicon.ico
[02/Jan/2024 15:09:30] "GET /favicon.ico HTTP/1.1" 404 2574
[02/Jan/2024 15:09:33] "POST /todos/add/ HTTP/1.1" 302 0
[02/Jan/2024 15:09:34] "GET /todos/ HTTP/1.1" 200 4081
Not Found: /favicon.ico
[02/Jan/2024 15:09:34] "GET /favicon.ico HTTP/1.1" 404 2574
Not Found: /favicon.ico
[02/Jan/2024 15:09:35] "GET /favicon.ico HTTP/1.1" 404 2574
[02/Jan/2024 15:09:36] "GET /todos/22/delete HTTP/1.1" 302 0
[02/Jan/2024 15:09:36] "GET /todos/ HTTP/1.1" 200 3503
Not Found: /favicon.ico
[02/Jan/2024 15:09:37] "GET /favicon.ico HTTP/1.1" 404 2574
Not Found: /favicon.ico
[02/Jan/2024 15:09:37] "GET /favicon.ico HTTP/1.1" 404 2574
